<?xml version="1.0" encoding="UTF-8"?>
<!-- Generated by org.testng.reporters.JUnitReportReporter -->
<testsuite hostname="MacBook-Pro.local" failures="0" tests="1" name="AssignmentTest" time="3.267" errors="0" timestamp="2022-11-12T16:37:52 GST" skipped="0">
  <testcase classname="AssignmentTest" name="test" time="3.267"/>
  <system-out/>
</testsuite> <!-- AssignmentTest -->
