<?xml version="1.0" encoding="UTF-8"?>
<!-- Generated by org.testng.reporters.JUnitReportReporter -->
<testsuite hostname="MacBook-Pro.local" failures="0" tests="1" name="LoginTest" time="3.716" errors="0" timestamp="2022-11-12T16:33:30 GST" skipped="0">
  <testcase classname="LoginTest" name="test1" time="3.716"/>
  <system-out/>
</testsuite> <!-- LoginTest -->
